<?xml version='1.0' encoding='UTF-8'?>
<testsuite hostname="ad189915bc72" name="com.galafis.bigdata.etl.DataProcessorSpec" tests="1" errors="1" failures="0" skipped="0" time="0.0" timestamp="2025-10-01T15:10:53">
          <properties>
      <property name="awt.toolkit" value="sun.awt.X11.XToolkit"/><property name="java.specification.version" value="11"/><property name="sun.cpu.isalist" value=""/><property name="sun.jnu.encoding" value="UTF-8"/><property name="sun.arch.data.model" value="64"/><property name="java.vendor.url" value="https://ubuntu.com/"/><property name="sun.boot.library.path" value="/usr/lib/jvm/java-11-openjdk-amd64/lib"/><property name="sun.java.command" value="/opt/sbt/bin/sbt-launch.jar test"/><property name="jdk.debug" value="release"/><property name="java.specification.vendor" value="Oracle Corporation"/><property name="java.version.date" value="2025-07-15"/><property name="java.home" value="/usr/lib/jvm/java-11-openjdk-amd64"/><property name="file.separator" value="/"/><property name="java.vm.compressedOopsMode" value="32-bit"/><property name="line.separator" value="
"/><property name="java.specification.name" value="Java Platform API Specification"/><property name="java.vm.specification.vendor" value="Oracle Corporation"/><property name="sun.management.compiler" value="HotSpot 64-Bit Tiered Compilers"/><property name="java.runtime.version" value="11.0.28+6-post-Ubuntu-1ubuntu122.04.1"/><property name="user.name" value="ubuntu"/><property name="log4j.ignoreTCL" value="true"/><property name="file.encoding" value="UTF-8"/><property name="jnidispatch.path" value="/home/ubuntu/.cache/JNA/temp/jna1624715425515438731.tmp"/><property name="jna.loaded" value="true"/><property name="java.io.tmpdir" value="/tmp"/><property name="java.version" value="11.0.28"/><property name="java.vm.specification.name" value="Java Virtual Machine Specification"/><property name="java.awt.printerjob" value="sun.print.PSPrinterJob"/><property name="sun.os.patch.level" value="unknown"/><property name="java.library.path" value="/usr/java/packages/lib:/usr/lib/x86_64-linux-gnu/jni:/lib/x86_64-linux-gnu:/usr/lib/x86_64-linux-gnu:/usr/lib/jni:/lib:/usr/lib"/><property name="java.vendor" value="Ubuntu"/><property name="java.specification.maintenance.version" value="3"/><property name="scala.ext.dirs" value="/home/ubuntu/.sbt/1.0/java9-rt-ext-ubuntu_11_0_28"/><property name="sun.io.unicode.encoding" value="UnicodeLittle"/><property name="java.class.path" value="/opt/sbt/bin/sbt-launch.jar"/><property name="java.vm.vendor" value="Ubuntu"/><property name="jline.shutdownhook" value="false"/><property name="user.timezone" value="America/New_York"/><property name="os.name" value="Linux"/><property name="java.vm.specification.version" value="11"/><property name="sun.java.launcher" value="SUN_STANDARD"/><property name="sun.cpu.endian" value="little"/><property name="user.home" value="/home/ubuntu"/><property name="user.language" value="en"/><property name="sbt.script" value="/opt/sbt/bin/sbt"/><property name="swoval.tmpdir" value="/home/ubuntu/.sbt/1.0"/><property name="java.awt.graphicsenv" value="sun.awt.X11GraphicsEnvironment"/><property name="jline.esc.timeout" value="0"/><property name="path.separator" value=":"/><property name="os.version" value="6.1.102"/><property name="jna.nosys" value="true"/><property name="java.runtime.name" value="OpenJDK Runtime Environment"/><property name="java.vm.name" value="OpenJDK 64-Bit Server VM"/><property name="jna.platform.library.path" value="/usr/lib/x86_64-linux-gnu:/lib/x86_64-linux-gnu:/usr/lib64:/lib64:/usr/lib:/lib"/><property name="java.vendor.url.bug" value="https://bugs.launchpad.net/ubuntu/+source/openjdk-lts"/><property name="user.dir" value="/home/ubuntu/scala-spark-big-data"/><property name="os.arch" value="amd64"/><property name="java.vm.info" value="mixed mode, sharing"/><property name="java.vm.version" value="11.0.28+6-post-Ubuntu-1ubuntu122.04.1"/><property name="java.class.version" value="55.0"/>
    </properties>
          <testcase classname="com.galafis.bigdata.etl.DataProcessorSpec" name="(It is not a test it is a sbt.testing.SuiteSelector)" time="0.0">
                      <error message="sbt.ForkMain$ForkError: java.lang.NoClassDefFoundError: org/json4s/JsonAST$JValue" type="sbt.ForkMain$ForkError">sbt.ForkMain$ForkError: sbt.ForkMain$ForkError: java.lang.NoClassDefFoundError: org/json4s/JsonAST$JValue
	at org.apache.spark.ui.jobs.JobsTab.&lt;init&gt;(JobsTab.scala:47)
	at org.apache.spark.ui.SparkUI.initialize(SparkUI.scala:81)
	at org.apache.spark.ui.SparkUI.&lt;init&gt;(SparkUI.scala:103)
	at org.apache.spark.ui.SparkUI$.create(SparkUI.scala:223)
	at org.apache.spark.SparkContext.&lt;init&gt;(SparkContext.scala:484)
	at org.apache.spark.SparkContext$.getOrCreate(SparkContext.scala:2704)
	at org.apache.spark.sql.SparkSession$Builder.$anonfun$getOrCreate$2(SparkSession.scala:953)
	at scala.Option.getOrElse(Option.scala:189)
	at org.apache.spark.sql.SparkSession$Builder.getOrCreate(SparkSession.scala:947)
	at com.galafis.bigdata.etl.DataProcessorSpec.$anonfun$new$1(DataProcessorSpec.scala:16)
	at scala.runtime.java8.JFunction0$mcV$sp.apply(JFunction0$mcV$sp.java:23)
	at org.scalatest.OutcomeOf.outcomeOf(OutcomeOf.scala:85)
	at org.scalatest.OutcomeOf.outcomeOf$(OutcomeOf.scala:83)
	at org.scalatest.OutcomeOf$.outcomeOf(OutcomeOf.scala:104)
	at org.scalatest.Transformer.apply(Transformer.scala:22)
	at org.scalatest.Transformer.apply(Transformer.scala:20)
	at org.scalatest.flatspec.AnyFlatSpecLike$$anon$5.apply(AnyFlatSpecLike.scala:1812)
	at org.scalatest.TestSuite.withFixture(TestSuite.scala:196)
	at org.scalatest.TestSuite.withFixture$(TestSuite.scala:195)
	at org.scalatest.flatspec.AnyFlatSpec.withFixture(AnyFlatSpec.scala:1685)
	at org.scalatest.flatspec.AnyFlatSpecLike.invokeWithFixture$1(AnyFlatSpecLike.scala:1810)
	at org.scalatest.flatspec.AnyFlatSpecLike.$anonfun$runTest$1(AnyFlatSpecLike.scala:1822)
	at org.scalatest.SuperEngine.runTestImpl(Engine.scala:306)
	at org.scalatest.flatspec.AnyFlatSpecLike.runTest(AnyFlatSpecLike.scala:1822)
	at org.scalatest.flatspec.AnyFlatSpecLike.runTest$(AnyFlatSpecLike.scala:1804)
	at org.scalatest.flatspec.AnyFlatSpec.runTest(AnyFlatSpec.scala:1685)
	at org.scalatest.flatspec.AnyFlatSpecLike.$anonfun$runTests$1(AnyFlatSpecLike.scala:1880)
	at org.scalatest.SuperEngine.$anonfun$runTestsInBranch$1(Engine.scala:413)
	at scala.collection.immutable.List.foreach(List.scala:431)
	at org.scalatest.SuperEngine.traverseSubNodes$1(Engine.scala:401)
	at org.scalatest.SuperEngine.runTestsInBranch(Engine.scala:390)
	at org.scalatest.SuperEngine.$anonfun$runTestsInBranch$1(Engine.scala:427)
	at scala.collection.immutable.List.foreach(List.scala:431)
	at org.scalatest.SuperEngine.traverseSubNodes$1(Engine.scala:401)
	at org.scalatest.SuperEngine.runTestsInBranch(Engine.scala:396)
	at org.scalatest.SuperEngine.runTestsImpl(Engine.scala:475)
	at org.scalatest.flatspec.AnyFlatSpecLike.runTests(AnyFlatSpecLike.scala:1880)
	at org.scalatest.flatspec.AnyFlatSpecLike.runTests$(AnyFlatSpecLike.scala:1879)
	at org.scalatest.flatspec.AnyFlatSpec.runTests(AnyFlatSpec.scala:1685)
	at org.scalatest.Suite.run(Suite.scala:1114)
	at org.scalatest.Suite.run$(Suite.scala:1096)
	at org.scalatest.flatspec.AnyFlatSpec.org$scalatest$flatspec$AnyFlatSpecLike$$super$run(AnyFlatSpec.scala:1685)
	at org.scalatest.flatspec.AnyFlatSpecLike.$anonfun$run$1(AnyFlatSpecLike.scala:1925)
	at org.scalatest.SuperEngine.runImpl(Engine.scala:535)
	at org.scalatest.flatspec.AnyFlatSpecLike.run(AnyFlatSpecLike.scala:1925)
	at org.scalatest.flatspec.AnyFlatSpecLike.run$(AnyFlatSpecLike.scala:1923)
	at org.scalatest.flatspec.AnyFlatSpec.run(AnyFlatSpec.scala:1685)
	at org.scalatest.tools.Framework.org$scalatest$tools$Framework$$runSuite(Framework.scala:321)
	at org.scalatest.tools.Framework$ScalaTestTask.execute(Framework.scala:516)
	at sbt.ForkMain$Run.lambda$runTest$1(ForkMain.java:413)
	at java.base/java.util.concurrent.FutureTask.run(FutureTask.java:264)
	at java.base/java.util.concurrent.ThreadPoolExecutor.runWorker(ThreadPoolExecutor.java:1128)
	at java.base/java.util.concurrent.ThreadPoolExecutor$Worker.run(ThreadPoolExecutor.java:628)
	at java.base/java.lang.Thread.run(Thread.java:829)
Caused by: sbt.ForkMain$ForkError: sbt.ForkMain$ForkError: java.lang.ClassNotFoundException: org.json4s.JsonAST$JValue
	at java.base/jdk.internal.loader.BuiltinClassLoader.loadClass(BuiltinClassLoader.java:581)
	at java.base/jdk.internal.loader.ClassLoaders$AppClassLoader.loadClass(ClassLoaders.java:178)
	at java.base/java.lang.ClassLoader.loadClass(ClassLoader.java:527)
	... 54 more
</error>
                    </testcase>
          <system-out><![CDATA[]]></system-out>
          <system-err><![CDATA[]]></system-err>
        </testsuite>